clients/build/app/intermediates/manifest_merge_blame_file/release/manifest-merger-blame-release-report.txt
1<?xml version="1.0" encoding="utf-8"?>
2<manifest xmlns:android="http://schemas.android.com/apk/res/android"
3    package="com.example.clients"
4    android:versionCode="1"
5    android:versionName="0.1.0" >
6
7    <uses-sdk
8        android:minSdkVersion="21"
9        android:targetSdkVersion="35" />
10
11    <uses-permission android:name="android.permission.ACCESS_FINE_LOCATION" />
11-->src\main\AndroidManifest.xml:2:1-75
11-->src\main\AndroidManifest.xml:2:18-72
12    <uses-permission android:name="android.permission.ACCESS_COARSE_LOCATION" />
12-->src\main\AndroidManifest.xml:3:1-77
12-->src\main\AndroidManifest.xml:3:18-74
13    <!--
14         Required to query activities that can process text, see:
15         https://developer.android.com/training/package-visibility and
16         https://developer.android.com/reference/android/content/Intent#ACTION_PROCESS_TEXT.
17
18         In particular, this is used by the Flutter engine in io.flutter.plugin.text.ProcessTextPlugin.
19    -->
20    <queries>
20-->src\main\AndroidManifest.xml:41:5-46:15
21        <intent>
21-->src\main\AndroidManifest.xml:42:9-45:18
22            <action android:name="android.intent.action.PROCESS_TEXT" />
22-->src\main\AndroidManifest.xml:43:13-72
22-->src\main\AndroidManifest.xml:43:21-70
23
24            <data android:mimeType="text/plain" />
24-->src\main\AndroidManifest.xml:44:13-50
24-->src\main\AndroidManifest.xml:44:19-48
25        </intent>
26        <intent>
26-->[com.razorpay:standard-core:1.6.46] AndroidManifest.xml:11:9-17:18
27            <action android:name="android.intent.action.VIEW" />
27-->[com.razorpay:standard-core:1.6.46] AndroidManifest.xml:12:13-65
27-->[com.razorpay:standard-core:1.6.46] AndroidManifest.xml:12:21-62
28
29            <data
29-->src\main\AndroidManifest.xml:44:13-50
30                android:mimeType="*/*"
30-->src\main\AndroidManifest.xml:44:19-48
31                android:scheme="*" />
32        </intent>
33        <intent>
33-->[com.razorpay:standard-core:1.6.46] AndroidManifest.xml:18:9-27:18
34            <action android:name="android.intent.action.VIEW" />
34-->[com.razorpay:standard-core:1.6.46] AndroidManifest.xml:12:13-65
34-->[com.razorpay:standard-core:1.6.46] AndroidManifest.xml:12:21-62
35
36            <category android:name="android.intent.category.BROWSABLE" />
36-->[com.razorpay:standard-core:1.6.46] AndroidManifest.xml:21:13-74
36-->[com.razorpay:standard-core:1.6.46] AndroidManifest.xml:21:23-71
37
38            <data
38-->src\main\AndroidManifest.xml:44:13-50
39                android:host="pay"
40                android:mimeType="*/*"
40-->src\main\AndroidManifest.xml:44:19-48
41                android:scheme="upi" />
42        </intent>
43        <intent>
43-->[com.razorpay:standard-core:1.6.46] AndroidManifest.xml:28:9-30:18
44            <action android:name="android.intent.action.MAIN" />
44-->src\main\AndroidManifest.xml:26:17-68
44-->src\main\AndroidManifest.xml:26:25-66
45        </intent>
46        <intent>
46-->[com.razorpay:standard-core:1.6.46] AndroidManifest.xml:31:9-35:18
47            <action android:name="android.intent.action.SEND" />
47-->[com.razorpay:standard-core:1.6.46] AndroidManifest.xml:32:13-65
47-->[com.razorpay:standard-core:1.6.46] AndroidManifest.xml:32:21-62
48
49            <data android:mimeType="*/*" />
49-->src\main\AndroidManifest.xml:44:13-50
49-->src\main\AndroidManifest.xml:44:19-48
50        </intent>
51        <intent>
51-->[com.razorpay:standard-core:1.6.46] AndroidManifest.xml:36:9-38:18
52            <action android:name="rzp.device_token.share" />
52-->[com.razorpay:standard-core:1.6.46] AndroidManifest.xml:37:13-61
52-->[com.razorpay:standard-core:1.6.46] AndroidManifest.xml:37:21-58
53        </intent>
54    </queries>
55
56    <uses-permission android:name="android.permission.INTERNET" /> <!-- Include required permissions for Google Maps API to run. -->
56-->[com.razorpay:standard-core:1.6.46] AndroidManifest.xml:8:5-67
56-->[com.razorpay:standard-core:1.6.46] AndroidManifest.xml:8:22-64
57    <uses-permission android:name="android.permission.ACCESS_NETWORK_STATE" />
57-->[com.google.android.gms:play-services-maps:17.0.0] AndroidManifest.xml:23:5-79
57-->[com.google.android.gms:play-services-maps:17.0.0] AndroidManifest.xml:23:22-76
58
59    <uses-feature
59-->[com.google.android.gms:play-services-maps:17.0.0] AndroidManifest.xml:26:5-28:35
60        android:glEsVersion="0x00020000"
60-->[com.google.android.gms:play-services-maps:17.0.0] AndroidManifest.xml:27:9-41
61        android:required="true" />
61-->[com.google.android.gms:play-services-maps:17.0.0] AndroidManifest.xml:28:9-32
62
63    <permission
63-->[androidx.core:core:1.13.1] AndroidManifest.xml:22:5-24:47
64        android:name="com.example.clients.DYNAMIC_RECEIVER_NOT_EXPORTED_PERMISSION"
64-->[androidx.core:core:1.13.1] AndroidManifest.xml:23:9-81
65        android:protectionLevel="signature" />
65-->[androidx.core:core:1.13.1] AndroidManifest.xml:24:9-44
66
67    <uses-permission android:name="com.example.clients.DYNAMIC_RECEIVER_NOT_EXPORTED_PERMISSION" />
67-->[androidx.core:core:1.13.1] AndroidManifest.xml:26:5-97
67-->[androidx.core:core:1.13.1] AndroidManifest.xml:26:22-94
68
69    <application
70        android:name="android.app.Application"
70-->src\main\AndroidManifest.xml:6:9-42
71        android:appComponentFactory="androidx.core.app.CoreComponentFactory"
71-->[androidx.core:core:1.13.1] AndroidManifest.xml:28:18-86
72        android:extractNativeLibs="true"
73        android:icon="@mipmap/ic_launcher"
73-->src\main\AndroidManifest.xml:7:9-43
74        android:label="clients" >
74-->src\main\AndroidManifest.xml:5:9-32
75        <activity
75-->src\main\AndroidManifest.xml:8:9-29:20
76            android:name="com.example.clients.MainActivity"
76-->src\main\AndroidManifest.xml:9:13-41
77            android:configChanges="orientation|keyboardHidden|keyboard|screenSize|smallestScreenSize|locale|layoutDirection|fontScale|screenLayout|density|uiMode"
77-->src\main\AndroidManifest.xml:14:13-163
78            android:exported="true"
78-->src\main\AndroidManifest.xml:10:13-36
79            android:hardwareAccelerated="true"
79-->src\main\AndroidManifest.xml:15:13-47
80            android:launchMode="singleTop"
80-->src\main\AndroidManifest.xml:11:13-43
81            android:taskAffinity=""
81-->src\main\AndroidManifest.xml:12:13-36
82            android:theme="@style/LaunchTheme"
82-->src\main\AndroidManifest.xml:13:13-47
83            android:windowSoftInputMode="adjustResize" >
83-->src\main\AndroidManifest.xml:16:13-55
84
85            <!--
86                 Specifies an Android theme to apply to this Activity as soon as
87                 the Android process has started. This theme is visible to the user
88                 while the Flutter UI initializes. After that, this theme continues
89                 to determine the Window background behind the Flutter UI.
90            -->
91            <meta-data
91-->src\main\AndroidManifest.xml:21:13-24:17
92                android:name="io.flutter.embedding.android.NormalTheme"
92-->src\main\AndroidManifest.xml:22:15-70
93                android:resource="@style/NormalTheme" />
93-->src\main\AndroidManifest.xml:23:15-52
94
95            <intent-filter>
95-->src\main\AndroidManifest.xml:25:13-28:29
96                <action android:name="android.intent.action.MAIN" />
96-->src\main\AndroidManifest.xml:26:17-68
96-->src\main\AndroidManifest.xml:26:25-66
97
98                <category android:name="android.intent.category.LAUNCHER" />
98-->src\main\AndroidManifest.xml:27:17-76
98-->src\main\AndroidManifest.xml:27:27-74
99            </intent-filter>
100        </activity>
101        <!--
102             Don't delete the meta-data below.
103             This is used by the Flutter tool to generate GeneratedPluginRegistrant.java
104        -->
105        <meta-data
105-->src\main\AndroidManifest.xml:32:9-34:33
106            android:name="flutterEmbedding"
106-->src\main\AndroidManifest.xml:33:13-44
107            android:value="2" />
107-->src\main\AndroidManifest.xml:34:13-30
108
109        <provider
109-->[:image_picker_android] AndroidManifest.xml:9:9-17:20
110            android:name="io.flutter.plugins.imagepicker.ImagePickerFileProvider"
110-->[:image_picker_android] AndroidManifest.xml:10:13-82
111            android:authorities="com.example.clients.flutter.image_provider"
111-->[:image_picker_android] AndroidManifest.xml:11:13-74
112            android:exported="false"
112-->[:image_picker_android] AndroidManifest.xml:12:13-37
113            android:grantUriPermissions="true" >
113-->[:image_picker_android] AndroidManifest.xml:13:13-47
114            <meta-data
114-->[:image_picker_android] AndroidManifest.xml:14:13-16:75
115                android:name="android.support.FILE_PROVIDER_PATHS"
115-->[:image_picker_android] AndroidManifest.xml:15:17-67
116                android:resource="@xml/flutter_image_picker_file_paths" />
116-->[:image_picker_android] AndroidManifest.xml:16:17-72
117        </provider> <!-- Trigger Google Play services to install the backported photo picker module. -->
118        <service
118-->[:image_picker_android] AndroidManifest.xml:19:9-31:19
119            android:name="com.google.android.gms.metadata.ModuleDependencies"
119-->[:image_picker_android] AndroidManifest.xml:20:13-78
120            android:enabled="false"
120-->[:image_picker_android] AndroidManifest.xml:21:13-36
121            android:exported="false" >
121-->[:image_picker_android] AndroidManifest.xml:22:13-37
122            <intent-filter>
122-->[:image_picker_android] AndroidManifest.xml:24:13-26:29
123                <action android:name="com.google.android.gms.metadata.MODULE_DEPENDENCIES" />
123-->[:image_picker_android] AndroidManifest.xml:25:17-94
123-->[:image_picker_android] AndroidManifest.xml:25:25-91
124            </intent-filter>
125
126            <meta-data
126-->[:image_picker_android] AndroidManifest.xml:28:13-30:36
127                android:name="photopicker_activity:0:required"
127-->[:image_picker_android] AndroidManifest.xml:29:17-63
128                android:value="" />
128-->[:image_picker_android] AndroidManifest.xml:30:17-33
129        </service>
130        <service
130-->[:geolocator_android] AndroidManifest.xml:8:9-12:56
131            android:name="com.baseflow.geolocator.GeolocatorLocationService"
131-->[:geolocator_android] AndroidManifest.xml:9:13-77
132            android:enabled="true"
132-->[:geolocator_android] AndroidManifest.xml:10:13-35
133            android:exported="false"
133-->[:geolocator_android] AndroidManifest.xml:11:13-37
134            android:foregroundServiceType="location" />
134-->[:geolocator_android] AndroidManifest.xml:12:13-53
135
136        <activity
136-->[:url_launcher_android] AndroidManifest.xml:8:9-11:74
137            android:name="io.flutter.plugins.urllauncher.WebViewActivity"
137-->[:url_launcher_android] AndroidManifest.xml:9:13-74
138            android:exported="false"
138-->[:url_launcher_android] AndroidManifest.xml:10:13-37
139            android:theme="@android:style/Theme.NoTitleBar.Fullscreen" />
139-->[:url_launcher_android] AndroidManifest.xml:11:13-71
140
141        <receiver
141-->[com.razorpay:standard-core:1.6.46] AndroidManifest.xml:42:9-49:20
142            android:name="com.razorpay.RzpTokenReceiver"
142-->[com.razorpay:standard-core:1.6.46] AndroidManifest.xml:43:13-57
143            android:exported="true" >
143-->[com.razorpay:standard-core:1.6.46] AndroidManifest.xml:44:13-36
144            <intent-filter>
144-->[com.razorpay:standard-core:1.6.46] AndroidManifest.xml:46:13-48:29
145                <action android:name="rzp.device_token.share" />
145-->[com.razorpay:standard-core:1.6.46] AndroidManifest.xml:37:13-61
145-->[com.razorpay:standard-core:1.6.46] AndroidManifest.xml:37:21-58
146            </intent-filter>
147        </receiver>
148
149        <activity
149-->[com.razorpay:standard-core:1.6.46] AndroidManifest.xml:51:9-59:20
150            android:name="com.razorpay.CheckoutActivity"
150-->[com.razorpay:standard-core:1.6.46] AndroidManifest.xml:52:13-57
151            android:configChanges="keyboard|keyboardHidden|orientation|screenSize"
151-->[com.razorpay:standard-core:1.6.46] AndroidManifest.xml:53:13-83
152            android:exported="false"
152-->[com.razorpay:standard-core:1.6.46] AndroidManifest.xml:54:13-37
153            android:theme="@style/CheckoutTheme" >
153-->[com.razorpay:standard-core:1.6.46] AndroidManifest.xml:55:13-49
154            <intent-filter>
154-->[com.razorpay:standard-core:1.6.46] AndroidManifest.xml:56:13-58:29
155                <action android:name="android.intent.action.MAIN" />
155-->src\main\AndroidManifest.xml:26:17-68
155-->src\main\AndroidManifest.xml:26:25-66
156            </intent-filter>
157        </activity>
158
159        <provider
159-->[com.razorpay:standard-core:1.6.46] AndroidManifest.xml:61:9-69:20
160            android:name="androidx.startup.InitializationProvider"
160-->[com.razorpay:standard-core:1.6.46] AndroidManifest.xml:62:13-67
161            android:authorities="com.example.clients.androidx-startup"
161-->[com.razorpay:standard-core:1.6.46] AndroidManifest.xml:63:13-68
162            android:exported="false" >
162-->[com.razorpay:standard-core:1.6.46] AndroidManifest.xml:64:13-37
163            <meta-data
163-->[com.razorpay:standard-core:1.6.46] AndroidManifest.xml:66:13-68:52
164                android:name="com.razorpay.RazorpayInitializer"
164-->[com.razorpay:standard-core:1.6.46] AndroidManifest.xml:67:17-64
165                android:value="androidx.startup" />
165-->[com.razorpay:standard-core:1.6.46] AndroidManifest.xml:68:17-49
166            <meta-data
166-->[androidx.lifecycle:lifecycle-process:2.7.0] AndroidManifest.xml:29:13-31:52
167                android:name="androidx.lifecycle.ProcessLifecycleInitializer"
167-->[androidx.lifecycle:lifecycle-process:2.7.0] AndroidManifest.xml:30:17-78
168                android:value="androidx.startup" />
168-->[androidx.lifecycle:lifecycle-process:2.7.0] AndroidManifest.xml:31:17-49
169            <meta-data
169-->[androidx.profileinstaller:profileinstaller:1.3.1] AndroidManifest.xml:29:13-31:52
170                android:name="androidx.profileinstaller.ProfileInstallerInitializer"
170-->[androidx.profileinstaller:profileinstaller:1.3.1] AndroidManifest.xml:30:17-85
171                android:value="androidx.startup" />
171-->[androidx.profileinstaller:profileinstaller:1.3.1] AndroidManifest.xml:31:17-49
172        </provider>
173
174        <activity
174-->[com.razorpay:standard-core:1.6.46] AndroidManifest.xml:71:9-74:75
175            android:name="com.razorpay.MagicXActivity"
175-->[com.razorpay:standard-core:1.6.46] AndroidManifest.xml:72:13-55
176            android:exported="false"
176-->[com.razorpay:standard-core:1.6.46] AndroidManifest.xml:73:13-37
177            android:theme="@android:style/Theme.Translucent.NoTitleBar" />
177-->[com.razorpay:standard-core:1.6.46] AndroidManifest.xml:74:13-72
178
179        <meta-data
179-->[com.razorpay:standard-core:1.6.46] AndroidManifest.xml:76:9-78:58
180            android:name="com.razorpay.plugin.googlepay_all"
180-->[com.razorpay:standard-core:1.6.46] AndroidManifest.xml:77:13-61
181            android:value="com.razorpay.RzpGpayMerged" />
181-->[com.razorpay:standard-core:1.6.46] AndroidManifest.xml:78:13-55
182
183        <activity
183-->[com.google.android.gms:play-services-auth:21.1.0] AndroidManifest.xml:23:9-27:75
184            android:name="com.google.android.gms.auth.api.signin.internal.SignInHubActivity"
184-->[com.google.android.gms:play-services-auth:21.1.0] AndroidManifest.xml:24:13-93
185            android:excludeFromRecents="true"
185-->[com.google.android.gms:play-services-auth:21.1.0] AndroidManifest.xml:25:13-46
186            android:exported="false"
186-->[com.google.android.gms:play-services-auth:21.1.0] AndroidManifest.xml:26:13-37
187            android:theme="@android:style/Theme.Translucent.NoTitleBar" />
187-->[com.google.android.gms:play-services-auth:21.1.0] AndroidManifest.xml:27:13-72
188        <!--
189            Service handling Google Sign-In user revocation. For apps that do not integrate with
190            Google Sign-In, this service will never be started.
191        -->
192        <service
192-->[com.google.android.gms:play-services-auth:21.1.0] AndroidManifest.xml:33:9-37:51
193            android:name="com.google.android.gms.auth.api.signin.RevocationBoundService"
193-->[com.google.android.gms:play-services-auth:21.1.0] AndroidManifest.xml:34:13-89
194            android:exported="true"
194-->[com.google.android.gms:play-services-auth:21.1.0] AndroidManifest.xml:35:13-36
195            android:permission="com.google.android.gms.auth.api.signin.permission.REVOCATION_NOTIFICATION"
195-->[com.google.android.gms:play-services-auth:21.1.0] AndroidManifest.xml:36:13-107
196            android:visibleToInstantApps="true" /> <!-- Needs to be explicitly declared on P+ -->
196-->[com.google.android.gms:play-services-auth:21.1.0] AndroidManifest.xml:37:13-48
197        <uses-library
197-->[com.google.android.gms:play-services-maps:17.0.0] AndroidManifest.xml:33:9-35:40
198            android:name="org.apache.http.legacy"
198-->[com.google.android.gms:play-services-maps:17.0.0] AndroidManifest.xml:34:13-50
199            android:required="false" />
199-->[com.google.android.gms:play-services-maps:17.0.0] AndroidManifest.xml:35:13-37
200
201        <activity
201-->[com.google.android.gms:play-services-base:18.3.0] AndroidManifest.xml:20:9-22:45
202            android:name="com.google.android.gms.common.api.GoogleApiActivity"
202-->[com.google.android.gms:play-services-base:18.3.0] AndroidManifest.xml:20:19-85
203            android:exported="false"
203-->[com.google.android.gms:play-services-base:18.3.0] AndroidManifest.xml:22:19-43
204            android:theme="@android:style/Theme.Translucent.NoTitleBar" />
204-->[com.google.android.gms:play-services-base:18.3.0] AndroidManifest.xml:21:19-78
205
206        <meta-data
206-->[com.google.android.gms:play-services-basement:18.3.0] AndroidManifest.xml:21:9-23:69
207            android:name="com.google.android.gms.version"
207-->[com.google.android.gms:play-services-basement:18.3.0] AndroidManifest.xml:22:13-58
208            android:value="@integer/google_play_services_version" />
208-->[com.google.android.gms:play-services-basement:18.3.0] AndroidManifest.xml:23:13-66
209
210        <uses-library
210-->[androidx.window:window:1.2.0] AndroidManifest.xml:23:9-25:40
211            android:name="androidx.window.extensions"
211-->[androidx.window:window:1.2.0] AndroidManifest.xml:24:13-54
212            android:required="false" />
212-->[androidx.window:window:1.2.0] AndroidManifest.xml:25:13-37
213        <uses-library
213-->[androidx.window:window:1.2.0] AndroidManifest.xml:26:9-28:40
214            android:name="androidx.window.sidecar"
214-->[androidx.window:window:1.2.0] AndroidManifest.xml:27:13-51
215            android:required="false" />
215-->[androidx.window:window:1.2.0] AndroidManifest.xml:28:13-37
216
217        <receiver
217-->[androidx.profileinstaller:profileinstaller:1.3.1] AndroidManifest.xml:34:9-52:20
218            android:name="androidx.profileinstaller.ProfileInstallReceiver"
218-->[androidx.profileinstaller:profileinstaller:1.3.1] AndroidManifest.xml:35:13-76
219            android:directBootAware="false"
219-->[androidx.profileinstaller:profileinstaller:1.3.1] AndroidManifest.xml:36:13-44
220            android:enabled="true"
220-->[androidx.profileinstaller:profileinstaller:1.3.1] AndroidManifest.xml:37:13-35
221            android:exported="true"
221-->[androidx.profileinstaller:profileinstaller:1.3.1] AndroidManifest.xml:38:13-36
222            android:permission="android.permission.DUMP" >
222-->[androidx.profileinstaller:profileinstaller:1.3.1] AndroidManifest.xml:39:13-57
223            <intent-filter>
223-->[androidx.profileinstaller:profileinstaller:1.3.1] AndroidManifest.xml:40:13-42:29
224                <action android:name="androidx.profileinstaller.action.INSTALL_PROFILE" />
224-->[androidx.profileinstaller:profileinstaller:1.3.1] AndroidManifest.xml:41:17-91
224-->[androidx.profileinstaller:profileinstaller:1.3.1] AndroidManifest.xml:41:25-88
225            </intent-filter>
226            <intent-filter>
226-->[androidx.profileinstaller:profileinstaller:1.3.1] AndroidManifest.xml:43:13-45:29
227                <action android:name="androidx.profileinstaller.action.SKIP_FILE" />
227-->[androidx.profileinstaller:profileinstaller:1.3.1] AndroidManifest.xml:44:17-85
227-->[androidx.profileinstaller:profileinstaller:1.3.1] AndroidManifest.xml:44:25-82
228            </intent-filter>
229            <intent-filter>
229-->[androidx.profileinstaller:profileinstaller:1.3.1] AndroidManifest.xml:46:13-48:29
230                <action android:name="androidx.profileinstaller.action.SAVE_PROFILE" />
230-->[androidx.profileinstaller:profileinstaller:1.3.1] AndroidManifest.xml:47:17-88
230-->[androidx.profileinstaller:profileinstaller:1.3.1] AndroidManifest.xml:47:25-85
231            </intent-filter>
232            <intent-filter>
232-->[androidx.profileinstaller:profileinstaller:1.3.1] AndroidManifest.xml:49:13-51:29
233                <action android:name="androidx.profileinstaller.action.BENCHMARK_OPERATION" />
233-->[androidx.profileinstaller:profileinstaller:1.3.1] AndroidManifest.xml:50:17-95
233-->[androidx.profileinstaller:profileinstaller:1.3.1] AndroidManifest.xml:50:25-92
234            </intent-filter>
235        </receiver>
236    </application>
237
238</manifest>